Analysis & Synthesis report for projeto
Thu May 02 19:13:50 2019
Quartus II Version 9.1 Build 350 03/24/2010 Service Pack 2 SJ Full Version


---------------------
; Table of Contents ;
---------------------
  1. Legal Notice
  2. Analysis & Synthesis Summary
  3. Analysis & Synthesis Settings
  4. Parallel Compilation
  5. Analysis & Synthesis Source Files Read
  6. Analysis & Synthesis Resource Usage Summary
  7. Analysis & Synthesis Resource Utilization by Entity
  8. General Register Statistics
  9. Analysis & Synthesis Messages



----------------
; Legal Notice ;
----------------
Copyright (C) 1991-2010 Altera Corporation
Your use of Altera Corporation's design tools, logic functions 
and other software and tools, and its AMPP partner logic 
functions, and any output files from any of the foregoing 
(including device programming or simulation files), and any 
associated documentation or information are expressly subject 
to the terms and conditions of the Altera Program License 
Subscription Agreement, Altera MegaCore Function License 
Agreement, or other applicable license agreement, including, 
without limitation, that your use is for the sole purpose of 
programming logic devices manufactured by Altera and sold by 
Altera or its authorized distributors.  Please refer to the 
applicable agreement for further details.



+-------------------------------------------------------------------------------+
; Analysis & Synthesis Summary                                                  ;
+-------------------------------+-----------------------------------------------+
; Analysis & Synthesis Status   ; Successful - Thu May 02 19:13:50 2019         ;
; Quartus II Version            ; 9.1 Build 350 03/24/2010 SP 2 SJ Full Version ;
; Revision Name                 ; projeto                                       ;
; Top-level Entity Name         ; MUXFINAL                                      ;
; Family                        ; Stratix II                                    ;
; Logic utilization             ; N/A                                           ;
;     Combinational ALUTs       ; 19                                            ;
;     Dedicated logic registers ; 0                                             ;
; Total registers               ; 0                                             ;
; Total pins                    ; 17                                            ;
; Total virtual pins            ; 0                                             ;
; Total block memory bits       ; 0                                             ;
; DSP block 9-bit elements      ; 0                                             ;
; Total PLLs                    ; 0                                             ;
; Total DLLs                    ; 0                                             ;
+-------------------------------+-----------------------------------------------+


+----------------------------------------------------------------------------------------------------------------------+
; Analysis & Synthesis Settings                                                                                        ;
+----------------------------------------------------------------------------+--------------------+--------------------+
; Option                                                                     ; Setting            ; Default Value      ;
+----------------------------------------------------------------------------+--------------------+--------------------+
; Top-level entity name                                                      ; MUXFINAL           ; projeto            ;
; Family name                                                                ; Stratix II         ; Stratix II         ;
; Use Generated Physical Constraints File                                    ; Off                ;                    ;
; Use smart compilation                                                      ; Off                ; Off                ;
; Enable parallel Assembler and TimeQuest Timing Analyzer during compilation ; On                 ; On                 ;
; Enable compact report table                                                ; Off                ; Off                ;
; Restructure Multiplexers                                                   ; Auto               ; Auto               ;
; Create Debugging Nodes for IP Cores                                        ; Off                ; Off                ;
; Preserve fewer node names                                                  ; On                 ; On                 ;
; Disable OpenCore Plus hardware evaluation                                  ; Off                ; Off                ;
; Verilog Version                                                            ; Verilog_2001       ; Verilog_2001       ;
; VHDL Version                                                               ; VHDL_1993          ; VHDL_1993          ;
; State Machine Processing                                                   ; Auto               ; Auto               ;
; Safe State Machine                                                         ; Off                ; Off                ;
; Extract Verilog State Machines                                             ; On                 ; On                 ;
; Extract VHDL State Machines                                                ; On                 ; On                 ;
; Ignore Verilog initial constructs                                          ; Off                ; Off                ;
; Iteration limit for constant Verilog loops                                 ; 5000               ; 5000               ;
; Iteration limit for non-constant Verilog loops                             ; 250                ; 250                ;
; Add Pass-Through Logic to Inferred RAMs                                    ; On                 ; On                 ;
; Parallel Synthesis                                                         ; On                 ; On                 ;
; DSP Block Balancing                                                        ; Auto               ; Auto               ;
; NOT Gate Push-Back                                                         ; On                 ; On                 ;
; Power-Up Don't Care                                                        ; On                 ; On                 ;
; Remove Redundant Logic Cells                                               ; Off                ; Off                ;
; Remove Duplicate Registers                                                 ; On                 ; On                 ;
; Ignore CARRY Buffers                                                       ; Off                ; Off                ;
; Ignore CASCADE Buffers                                                     ; Off                ; Off                ;
; Ignore GLOBAL Buffers                                                      ; Off                ; Off                ;
; Ignore ROW GLOBAL Buffers                                                  ; Off                ; Off                ;
; Ignore LCELL Buffers                                                       ; Off                ; Off                ;
; Ignore SOFT Buffers                                                        ; On                 ; On                 ;
; Limit AHDL Integers to 32 Bits                                             ; Off                ; Off                ;
; Optimization Technique                                                     ; Balanced           ; Balanced           ;
; Carry Chain Length                                                         ; 70                 ; 70                 ;
; Auto Carry Chains                                                          ; On                 ; On                 ;
; Auto Open-Drain Pins                                                       ; On                 ; On                 ;
; Perform WYSIWYG Primitive Resynthesis                                      ; Off                ; Off                ;
; Auto ROM Replacement                                                       ; On                 ; On                 ;
; Auto RAM Replacement                                                       ; On                 ; On                 ;
; Auto DSP Block Replacement                                                 ; On                 ; On                 ;
; Auto Shift Register Replacement                                            ; Auto               ; Auto               ;
; Auto Clock Enable Replacement                                              ; On                 ; On                 ;
; Strict RAM Replacement                                                     ; Off                ; Off                ;
; Allow Synchronous Control Signals                                          ; On                 ; On                 ;
; Force Use of Synchronous Clear Signals                                     ; Off                ; Off                ;
; Auto RAM Block Balancing                                                   ; On                 ; On                 ;
; Auto RAM to Logic Cell Conversion                                          ; Off                ; Off                ;
; Auto Resource Sharing                                                      ; Off                ; Off                ;
; Allow Any RAM Size For Recognition                                         ; Off                ; Off                ;
; Allow Any ROM Size For Recognition                                         ; Off                ; Off                ;
; Allow Any Shift Register Size For Recognition                              ; Off                ; Off                ;
; Use LogicLock Constraints during Resource Balancing                        ; On                 ; On                 ;
; Ignore translate_off and synthesis_off directives                          ; Off                ; Off                ;
; Timing-Driven Synthesis                                                    ; Off                ; Off                ;
; Show Parameter Settings Tables in Synthesis Report                         ; On                 ; On                 ;
; Ignore Maximum Fan-Out Assignments                                         ; Off                ; Off                ;
; Synchronization Register Chain Length                                      ; 2                  ; 2                  ;
; PowerPlay Power Optimization                                               ; Normal compilation ; Normal compilation ;
; HDL message level                                                          ; Level2             ; Level2             ;
; Suppress Register Optimization Related Messages                            ; Off                ; Off                ;
; Number of Removed Registers Reported in Synthesis Report                   ; 5000               ; 5000               ;
; Number of Inverted Registers Reported in Synthesis Report                  ; 100                ; 100                ;
; Clock MUX Protection                                                       ; On                 ; On                 ;
; Auto Gated Clock Conversion                                                ; Off                ; Off                ;
; Block Design Naming                                                        ; Auto               ; Auto               ;
; SDC constraint protection                                                  ; Off                ; Off                ;
; Synthesis Effort                                                           ; Auto               ; Auto               ;
; Shift Register Replacement - Allow Asynchronous Clear Signal               ; On                 ; On                 ;
; Analysis & Synthesis Message Level                                         ; Medium             ; Medium             ;
; Disable Register Merging Across Hierarchies                                ; Auto               ; Auto               ;
; Resource Aware Inference For Block RAM                                     ; On                 ; On                 ;
+----------------------------------------------------------------------------+--------------------+--------------------+


+------------------------------------------+
; Parallel Compilation                     ;
+----------------------------+-------------+
; Processors                 ; Number      ;
+----------------------------+-------------+
; Number detected on machine ; 4           ;
; Maximum allowed            ; 4           ;
;                            ;             ;
; Average used               ; 1.00        ;
; Maximum used               ; 1           ;
;                            ;             ;
; Usage by Processor         ; % Time Used ;
;     1 processor            ; 100.0%      ;
;     2-4 processors         ;   0.0%      ;
+----------------------------+-------------+


+---------------------------------------------------------------------------------------------------------------------------------------------+
; Analysis & Synthesis Source Files Read                                                                                                      ;
+----------------------------------+-----------------+------------------------------------+---------------------------------------------------+
; File Name with User-Entered Path ; Used in Netlist ; File Type                          ; File Name with Absolute Path                      ;
+----------------------------------+-----------------+------------------------------------+---------------------------------------------------+
; AandB.bdf                        ; yes             ; User Block Diagram/Schematic File  ; D:/Users/jbmn2/Desktop/ULA_SD/AandB.bdf           ;
; AmaiorB.bdf                      ; yes             ; User Block Diagram/Schematic File  ; D:/Users/jbmn2/Desktop/ULA_SD/AmaiorB.bdf         ;
; AmaiorB4Bits.bdf                 ; yes             ; User Block Diagram/Schematic File  ; D:/Users/jbmn2/Desktop/ULA_SD/AmaiorB4Bits.bdf    ;
; AmaiorBNOT4Bits.bdf              ; yes             ; User Block Diagram/Schematic File  ; D:/Users/jbmn2/Desktop/ULA_SD/AmaiorBNOT4Bits.bdf ;
; AxorB.bdf                        ; yes             ; User Block Diagram/Schematic File  ; D:/Users/jbmn2/Desktop/ULA_SD/AxorB.bdf           ;
; Comp2.bdf                        ; yes             ; User Block Diagram/Schematic File  ; D:/Users/jbmn2/Desktop/ULA_SD/Comp2.bdf           ;
; Igual.bdf                        ; yes             ; User Block Diagram/Schematic File  ; D:/Users/jbmn2/Desktop/ULA_SD/Igual.bdf           ;
; MUX.bdf                          ; yes             ; User Block Diagram/Schematic File  ; D:/Users/jbmn2/Desktop/ULA_SD/MUX.bdf             ;
; MUX2.bdf                         ; yes             ; User Block Diagram/Schematic File  ; D:/Users/jbmn2/Desktop/ULA_SD/MUX2.bdf            ;
; MUXFINAL.bdf                     ; yes             ; User Block Diagram/Schematic File  ; D:/Users/jbmn2/Desktop/ULA_SD/MUXFINAL.bdf        ;
; Somador.bdf                      ; yes             ; User Block Diagram/Schematic File  ; D:/Users/jbmn2/Desktop/ULA_SD/Somador.bdf         ;
; Somador4Bits.bdf                 ; yes             ; User Block Diagram/Schematic File  ; D:/Users/jbmn2/Desktop/ULA_SD/Somador4Bits.bdf    ;
; MUXCOMP.bdf                      ; yes             ; User Block Diagram/Schematic File  ; D:/Users/jbmn2/Desktop/ULA_SD/MUXCOMP.bdf         ;
; MUXCOMP2.bdf                     ; yes             ; User Block Diagram/Schematic File  ; D:/Users/jbmn2/Desktop/ULA_SD/MUXCOMP2.bdf        ;
; MUXOVERFLOW.bdf                  ; yes             ; User Block Diagram/Schematic File  ; D:/Users/jbmn2/Desktop/ULA_SD/MUXOVERFLOW.bdf     ;
; MUXOVERFLOW2.bdf                 ; yes             ; User Block Diagram/Schematic File  ; D:/Users/jbmn2/Desktop/ULA_SD/MUXOVERFLOW2.bdf    ;
+----------------------------------+-----------------+------------------------------------+---------------------------------------------------+


+-------------------------------------------------------+
; Analysis & Synthesis Resource Usage Summary           ;
+-----------------------------------------------+-------+
; Resource                                      ; Usage ;
+-----------------------------------------------+-------+
; Estimated ALUTs Used                          ; 19    ;
; Dedicated logic registers                     ; 0     ;
;                                               ;       ;
; Estimated ALUTs Unavailable                   ; 6     ;
;                                               ;       ;
; Total combinational functions                 ; 19    ;
; Combinational ALUT usage by number of inputs  ;       ;
;     -- 7 input functions                      ; 3     ;
;     -- 6 input functions                      ; 3     ;
;     -- 5 input functions                      ; 7     ;
;     -- 4 input functions                      ; 6     ;
;     -- <=3 input functions                    ; 0     ;
;                                               ;       ;
; Combinational ALUTs by mode                   ;       ;
;     -- normal mode                            ; 16    ;
;     -- extended LUT mode                      ; 3     ;
;     -- arithmetic mode                        ; 0     ;
;     -- shared arithmetic mode                 ; 0     ;
;                                               ;       ;
; Estimated ALUT/register pairs used            ; 25    ;
;                                               ;       ;
; Total registers                               ; 0     ;
;     -- Dedicated logic registers              ; 0     ;
;     -- I/O registers                          ; 0     ;
;                                               ;       ;
; Estimated ALMs:  partially or completely used ; 13    ;
;                                               ;       ;
; I/O pins                                      ; 17    ;
; Maximum fan-out node                          ; IN[0] ;
; Maximum fan-out                               ; 12    ;
; Total fan-out                                 ; 104   ;
; Average fan-out                               ; 2.89  ;
+-----------------------------------------------+-------+


+-------------------------------------------------------------------------------------------------------------------------------------------------------------------------------------------------------------------------+
; Analysis & Synthesis Resource Utilization by Entity                                                                                                                                                                     ;
+----------------------------+-------------------+--------------+-------------------+--------------+---------+-----------+-----------+------+--------------+-----------------------------------------------+--------------+
; Compilation Hierarchy Node ; LC Combinationals ; LC Registers ; Block Memory Bits ; DSP Elements ; DSP 9x9 ; DSP 18x18 ; DSP 36x36 ; Pins ; Virtual Pins ; Full Hierarchy Name                           ; Library Name ;
+----------------------------+-------------------+--------------+-------------------+--------------+---------+-----------+-----------+------+--------------+-----------------------------------------------+--------------+
; |MUXFINAL                  ; 19 (0)            ; 0 (0)        ; 0                 ; 0            ; 0       ; 0         ; 0         ; 17   ; 0            ; |MUXFINAL                                     ; work         ;
;    |MUX2:inst7|            ; 6 (0)             ; 0 (0)        ; 0                 ; 0            ; 0       ; 0         ; 0         ; 0    ; 0            ; |MUXFINAL|MUX2:inst7                          ; work         ;
;       |MUX:inst10|         ; 1 (1)             ; 0 (0)        ; 0                 ; 0            ; 0       ; 0         ; 0         ; 0    ; 0            ; |MUXFINAL|MUX2:inst7|MUX:inst10               ; work         ;
;       |MUX:inst11|         ; 1 (1)             ; 0 (0)        ; 0                 ; 0            ; 0       ; 0         ; 0         ; 0    ; 0            ; |MUXFINAL|MUX2:inst7|MUX:inst11               ; work         ;
;       |MUX:inst8|          ; 2 (2)             ; 0 (0)        ; 0                 ; 0            ; 0       ; 0         ; 0         ; 0    ; 0            ; |MUXFINAL|MUX2:inst7|MUX:inst8                ; work         ;
;       |MUX:inst9|          ; 2 (2)             ; 0 (0)        ; 0                 ; 0            ; 0       ; 0         ; 0         ; 0    ; 0            ; |MUXFINAL|MUX2:inst7|MUX:inst9                ; work         ;
;    |MUXCOMP2:inst4|        ; 7 (0)             ; 0 (0)        ; 0                 ; 0            ; 0       ; 0         ; 0         ; 0    ; 0            ; |MUXFINAL|MUXCOMP2:inst4                      ;              ;
;       |MUXCOMP:inst|       ; 7 (7)             ; 0 (0)        ; 0                 ; 0            ; 0       ; 0         ; 0         ; 0    ; 0            ; |MUXFINAL|MUXCOMP2:inst4|MUXCOMP:inst         ; work         ;
;    |MUXOVERFLOW2:inst6|    ; 3 (0)             ; 0 (0)        ; 0                 ; 0            ; 0       ; 0         ; 0         ; 0    ; 0            ; |MUXFINAL|MUXOVERFLOW2:inst6                  ; work         ;
;       |MUXOVERFLOW:inst|   ; 3 (3)             ; 0 (0)        ; 0                 ; 0            ; 0       ; 0         ; 0         ; 0    ; 0            ; |MUXFINAL|MUXOVERFLOW2:inst6|MUXOVERFLOW:inst ; work         ;
;    |Somador4Bits:inst|     ; 3 (0)             ; 0 (0)        ; 0                 ; 0            ; 0       ; 0         ; 0         ; 0    ; 0            ; |MUXFINAL|Somador4Bits:inst                   ; work         ;
;       |Somador:inst10|     ; 1 (1)             ; 0 (0)        ; 0                 ; 0            ; 0       ; 0         ; 0         ; 0    ; 0            ; |MUXFINAL|Somador4Bits:inst|Somador:inst10    ; work         ;
;       |Somador:inst8|      ; 1 (1)             ; 0 (0)        ; 0                 ; 0            ; 0       ; 0         ; 0         ; 0    ; 0            ; |MUXFINAL|Somador4Bits:inst|Somador:inst8     ; work         ;
;       |Somador:inst9|      ; 1 (1)             ; 0 (0)        ; 0                 ; 0            ; 0       ; 0         ; 0         ; 0    ; 0            ; |MUXFINAL|Somador4Bits:inst|Somador:inst9     ; work         ;
+----------------------------+-------------------+--------------+-------------------+--------------+---------+-----------+-----------+------+--------------+-----------------------------------------------+--------------+
Note: For table entries with two numbers listed, the numbers in parentheses indicate the number of resources of the given type used by the specific entity alone. The numbers listed outside of parentheses indicate the total resources of the given type used by the specific entity and all of its sub-entities in the hierarchy.


+------------------------------------------------------+
; General Register Statistics                          ;
+----------------------------------------------+-------+
; Statistic                                    ; Value ;
+----------------------------------------------+-------+
; Total registers                              ; 0     ;
; Number of registers using Synchronous Clear  ; 0     ;
; Number of registers using Synchronous Load   ; 0     ;
; Number of registers using Asynchronous Clear ; 0     ;
; Number of registers using Asynchronous Load  ; 0     ;
; Number of registers using Clock Enable       ; 0     ;
; Number of registers using Preset             ; 0     ;
+----------------------------------------------+-------+


+-------------------------------+
; Analysis & Synthesis Messages ;
+-------------------------------+
Info: *******************************************************************
Info: Running Quartus II Analysis & Synthesis
    Info: Version 9.1 Build 350 03/24/2010 Service Pack 2 SJ Full Version
    Info: Processing started: Thu May 02 19:13:49 2019
Info: Command: quartus_map --read_settings_files=on --write_settings_files=off projeto -c projeto
Info: Parallel compilation is enabled and will use 4 of the 4 processors detected
Info: Found 1 design units, including 1 entities, in source file aandb.bdf
    Info: Found entity 1: AandB
Info: Found 1 design units, including 1 entities, in source file amaiorb.bdf
    Info: Found entity 1: AmaiorB
Info: Found 1 design units, including 1 entities, in source file amaiorb4bits.bdf
    Info: Found entity 1: AmaiorB4Bits
Info: Found 1 design units, including 1 entities, in source file amaiorbnot4bits.bdf
    Info: Found entity 1: AmaiorBNOT4Bits
Info: Found 1 design units, including 1 entities, in source file axorb.bdf
    Info: Found entity 1: AxorB
Info: Found 1 design units, including 1 entities, in source file comp2.bdf
    Info: Found entity 1: Comp2
Info: Found 1 design units, including 1 entities, in source file igual.bdf
    Info: Found entity 1: Igual
Warning: Entity "MUX" obtained from "D:/Users/jbmn2/Desktop/ULA_SD/MUX.bdf" instead of from Quartus II megafunction library
Info: Found 1 design units, including 1 entities, in source file mux.bdf
    Info: Found entity 1: MUX
Info: Found 1 design units, including 1 entities, in source file mux2.bdf
    Info: Found entity 1: MUX2
Info: Found 1 design units, including 1 entities, in source file muxfinal.bdf
    Info: Found entity 1: MUXFINAL
Info: Found 1 design units, including 1 entities, in source file somador.bdf
    Info: Found entity 1: Somador
Info: Found 1 design units, including 1 entities, in source file somador4bits.bdf
    Info: Found entity 1: Somador4Bits
Info: Found 1 design units, including 1 entities, in source file muxcomp.bdf
    Info: Found entity 1: MUXCOMP
Info: Found 1 design units, including 1 entities, in source file muxcomp2.bdf
    Info: Found entity 1: MUXCOMP2
Info: Found 1 design units, including 1 entities, in source file muxoverflow.bdf
    Info: Found entity 1: MUXOVERFLOW
Info: Found 1 design units, including 1 entities, in source file muxoverflow2.bdf
    Info: Found entity 1: MUXOVERFLOW2
Info: Found 1 design units, including 1 entities, in source file display.bdf
    Info: Found entity 1: DISPLAY
Info: Found 1 design units, including 1 entities, in source file ula.bdf
    Info: Found entity 1: ULA
Info: Elaborating entity "MUXFINAL" for the top level hierarchy
Info: Elaborating entity "MUXCOMP2" for hierarchy "MUXCOMP2:inst4"
Info: Elaborating entity "MUXCOMP" for hierarchy "MUXCOMP2:inst4|MUXCOMP:inst"
Info: Elaborating entity "AmaiorB4Bits" for hierarchy "AmaiorB4Bits:inst16"
Info: Elaborating entity "AmaiorB" for hierarchy "AmaiorB4Bits:inst16|AmaiorB:inst2"
Info: Elaborating entity "AmaiorBNOT4Bits" for hierarchy "AmaiorBNOT4Bits:inst17"
Info: Elaborating entity "Igual" for hierarchy "Igual:inst8"
Warning: No superset bus at connection
Info: Elaborating entity "MUXOVERFLOW2" for hierarchy "MUXOVERFLOW2:inst6"
Info: Elaborating entity "MUXOVERFLOW" for hierarchy "MUXOVERFLOW2:inst6|MUXOVERFLOW:inst"
Info: Elaborating entity "Somador4Bits" for hierarchy "Somador4Bits:inst"
Info: Elaborating entity "Somador" for hierarchy "Somador4Bits:inst|Somador:inst10"
Info: Elaborating entity "Comp2" for hierarchy "Comp2:inst10"
Warning: Pin "A" not connected
Info: Elaborating entity "MUX2" for hierarchy "MUX2:inst7"
Info: Elaborating entity "MUX" for hierarchy "MUX2:inst7|MUX:inst8"
Info: Elaborating entity "AandB" for hierarchy "AandB:inst1"
Warning: No superset bus at connection
Info: Elaborating entity "AxorB" for hierarchy "AxorB:inst2"
Warning: No superset bus at connection
Info: Implemented 36 device resources after synthesis - the final resource count might be different
    Info: Implemented 11 input pins
    Info: Implemented 6 output pins
    Info: Implemented 19 logic cells
Info: Quartus II Analysis & Synthesis was successful. 0 errors, 5 warnings
    Info: Peak virtual memory: 279 megabytes
    Info: Processing ended: Thu May 02 19:13:50 2019
    Info: Elapsed time: 00:00:01
    Info: Total CPU time (on all processors): 00:00:01


